<?xml version="1.0" encoding="utf-8" standalone="no"?>
<!--This file represents the results of running a test suite-->
<test-results name="D:\Todo de la U\Ingenieria de calidad\testUnitCalidad\Practica2Sample\UnitTest\UnitTest\bin\Debug\UnitTest.dll" total="2" errors="0" failures="0" not-run="0" inconclusive="0" ignored="0" skipped="0" invalid="0" date="2015-11-01" time="19:22:59">
  <environment nunit-version="2.6.4.14350" clr-version="2.0.50727.7905" os-version="Microsoft Windows NT 6.2.9200.0" platform="Win32NT" cwd="C:\Program Files (x86)\NUnit 2.6.4\bin" machine-name="EQUIPO-SERGIO" user="Sergio" user-domain="EQUIPO-SERGIO" />
  <culture-info current-culture="es-US" current-uiculture="es-ES" />
  <test-suite type="Assembly" name="D:\Todo de la U\Ingenieria de calidad\testUnitCalidad\Practica2Sample\UnitTest\UnitTest\bin\Debug\UnitTest.dll" executed="True" result="Success" success="True" time="0.063" asserts="0">
    <results>
      <test-suite type="Namespace" name="UnitTest" executed="True" result="Success" success="True" time="0.048" asserts="0">
        <results>
          <test-suite type="TestFixture" name="AccountTest" executed="True" result="Success" success="True" time="0.046" asserts="0">
            <results>
              <test-case name="UnitTest.AccountTest.TestDeposit" executed="True" result="Success" success="True" time="0.032" asserts="1" />
              <test-case name="UnitTest.AccountTest.TestTransferFunds" executed="True" result="Success" success="True" time="0.001" asserts="2" />
            </results>
          </test-suite>
        </results>
      </test-suite>
    </results>
  </test-suite>
</test-results>